SF:lib\src\data\datasources\movie_local_data_source.dart
DA:15,1
DA:18,1
DA:20,3
DA:23,2
DA:28,1
DA:30,4
DA:33,2
DA:38,1
DA:39,3
DA:41,1
DA:48,1
DA:49,3
DA:50,4
LF:13
LH:13
end_of_record
SF:lib\src\data\models\movie_table.dart
DA:12,2
DA:19,2
DA:20,1
DA:21,1
DA:22,1
DA:23,1
DA:26,2
DA:27,1
DA:28,1
DA:29,1
DA:30,1
DA:33,0
DA:34,0
DA:35,0
DA:36,0
DA:37,0
DA:40,2
DA:41,1
DA:42,1
DA:43,1
DA:44,1
DA:47,2
DA:48,10
LF:23
LH:18
end_of_record
SF:lib\src\data\models\tv\tv_local_database\tv_local_database_model.dart
DA:13,2
DA:25,1
DA:26,1
DA:28,1
DA:29,1
DA:30,1
DA:31,1
DA:32,1
DA:33,1
DA:37,0
DA:39,2
DA:40,1
DA:41,1
DA:42,1
DA:43,1
DA:46,2
DA:47,10
DA:49,0
LF:18
LH:16
end_of_record
SF:lib\src\data\models\tv\tv_local_database\tv_local_database_model.g.dart
DA:9,1
DA:11,1
DA:12,1
DA:13,1
DA:14,1
DA:15,1
DA:18,0
DA:20,0
DA:21,0
DA:22,0
DA:23,0
DA:24,0
LF:12
LH:6
end_of_record
SF:lib\src\domain\entities\genre.dart
DA:4,14
DA:12,3
DA:13,9
LF:3
LH:3
end_of_record
SF:lib\src\domain\entities\movie.dart
DA:5,14
DA:21,2
DA:42,8
DA:43,8
DA:44,8
DA:45,8
DA:46,8
DA:47,8
DA:48,8
DA:49,8
DA:50,8
DA:51,8
DA:52,8
DA:53,8
DA:54,8
DA:55,8
DA:56,8
LF:17
LH:17
end_of_record
SF:lib\src\domain\entities\movie_detail.dart
DA:6,67
DA:34,3
DA:35,3
DA:36,3
DA:37,3
DA:38,3
DA:39,3
DA:40,3
DA:41,3
DA:42,3
DA:43,3
DA:44,3
DA:45,3
DA:46,3
LF:14
LH:14
end_of_record
SF:lib\src\domain\entities\tv\tv_detail.dart
DA:12,11
DA:78,2
DA:80,2
DA:81,2
DA:82,2
DA:83,2
DA:84,2
DA:85,2
DA:86,2
DA:87,2
DA:88,2
DA:89,2
DA:90,2
DA:91,2
DA:92,2
DA:93,2
DA:94,2
DA:95,2
DA:96,2
DA:97,2
DA:98,2
DA:99,2
DA:100,2
DA:101,2
DA:102,2
DA:103,2
DA:104,2
DA:105,2
DA:106,2
DA:107,2
DA:108,2
DA:109,2
DA:110,2
DA:111,2
DA:115,0
DA:118,0
DA:151,0
DA:152,0
DA:153,0
DA:154,0
DA:155,0
DA:156,0
DA:157,0
DA:158,0
DA:159,0
DA:160,0
DA:161,0
DA:162,0
DA:163,0
DA:164,0
DA:165,0
DA:166,0
DA:167,0
DA:168,0
DA:169,0
DA:170,0
DA:171,0
DA:172,0
DA:173,0
DA:174,0
DA:175,0
DA:176,0
DA:177,0
DA:178,0
DA:179,0
DA:180,0
DA:181,0
DA:182,0
LF:68
LH:34
end_of_record
SF:lib\src\common\failure.dart
DA:6,30
DA:8,2
DA:9,4
DA:13,56
DA:17,2
DA:21,16
DA:25,0
LF:7
LH:6
end_of_record
SF:lib\src\data\datasources\db\database_helper.dart
DA:11,0
DA:15,0
DA:19,0
DA:21,0
DA:26,0
DA:27,0
DA:28,0
DA:30,0
DA:34,0
DA:35,0
DA:42,0
DA:44,0
DA:51,0
DA:54,0
DA:55,0
DA:56,0
DA:59,0
DA:60,0
DA:61,0
DA:65,0
DA:69,0
DA:70,0
DA:73,0
DA:77,0
DA:81,0
DA:82,0
DA:85,0
DA:88,0
DA:89,0
DA:95,0
DA:98,0
DA:99,0
LF:32
LH:0
end_of_record
SF:lib\src\data\datasources\movie_remote_data_source.dart
DA:23,1
DA:26,1
DA:27,5
DA:29,2
DA:30,4
DA:32,1
DA:37,1
DA:38,5
DA:40,2
DA:41,3
DA:43,1
DA:48,1
DA:49,5
DA:51,2
DA:52,4
DA:54,1
DA:59,1
DA:60,5
DA:62,2
DA:63,4
DA:65,1
DA:70,1
DA:71,5
DA:73,2
DA:74,4
DA:76,1
DA:81,1
DA:82,5
DA:84,2
DA:85,4
DA:87,1
LF:31
LH:31
end_of_record
SF:lib\src\data\datasources\tv_local_data_source.dart
DA:15,1
DA:20,1
DA:21,3
DA:26,1
DA:33,1
DA:34,3
DA:35,4
DA:39,1
DA:41,3
DA:43,1
DA:44,2
DA:51,1
DA:53,4
DA:55,1
DA:56,2
LF:15
LH:15
end_of_record
SF:lib\src\data\datasources\tv_remote_data_source.dart
DA:27,1
DA:32,1
DA:33,5
DA:35,2
DA:36,3
DA:37,5
DA:39,1
DA:44,1
DA:45,5
DA:47,2
DA:48,3
DA:49,5
DA:51,1
DA:56,1
DA:57,5
DA:59,2
DA:60,3
DA:61,5
DA:63,1
DA:68,1
DA:69,5
DA:71,2
DA:72,3
DA:73,1
DA:76,1
DA:81,1
DA:82,5
DA:84,2
DA:85,3
DA:86,5
DA:88,1
DA:93,1
DA:94,5
DA:96,2
DA:97,3
DA:98,5
DA:100,1
DA:105,1
DA:109,5
DA:111,2
DA:112,3
DA:113,4
DA:116,1
LF:43
LH:43
end_of_record
SF:lib\src\data\models\movie_detail_model.dart
DA:7,2
DA:53,2
DA:54,1
DA:55,1
DA:56,1
DA:57,5
DA:58,1
DA:59,1
DA:60,1
DA:61,1
DA:62,1
DA:63,1
DA:64,2
DA:65,1
DA:66,1
DA:67,1
DA:68,1
DA:69,1
DA:70,1
DA:71,1
DA:72,1
DA:73,2
DA:74,1
DA:77,0
DA:78,0
DA:79,0
DA:80,0
DA:81,0
DA:82,0
DA:83,0
DA:84,0
DA:85,0
DA:86,0
DA:87,0
DA:88,0
DA:89,0
DA:90,0
DA:91,0
DA:92,0
DA:93,0
DA:94,0
DA:95,0
DA:96,0
DA:97,0
DA:98,0
DA:101,1
DA:102,1
DA:103,1
DA:104,1
DA:105,5
DA:106,1
DA:107,1
DA:108,1
DA:109,1
DA:110,1
DA:111,1
DA:112,1
DA:113,1
DA:114,1
DA:118,1
DA:119,1
DA:120,1
DA:121,1
DA:122,1
DA:123,1
DA:124,1
DA:125,1
DA:126,1
DA:127,1
DA:128,1
DA:129,1
DA:130,1
DA:131,1
DA:132,1
DA:133,1
DA:134,1
DA:135,1
DA:136,1
DA:137,1
DA:138,1
DA:139,1
DA:140,1
LF:82
LH:60
end_of_record
SF:lib\src\data\models\movie_model.dart
DA:6,4
DA:36,4
DA:37,2
DA:38,2
DA:39,8
DA:40,2
DA:41,2
DA:42,2
DA:43,4
DA:44,2
DA:45,2
DA:46,2
DA:47,2
DA:48,4
DA:49,2
DA:52,2
DA:53,1
DA:54,1
DA:55,4
DA:56,1
DA:57,1
DA:58,1
DA:59,1
DA:60,1
DA:61,1
DA:62,1
DA:63,1
DA:64,1
DA:65,1
DA:68,2
DA:69,2
DA:70,2
DA:71,2
DA:72,2
DA:73,2
DA:74,2
DA:75,2
DA:76,2
DA:77,2
DA:78,2
DA:79,2
DA:80,2
DA:81,2
DA:82,2
DA:86,2
DA:87,2
DA:88,2
DA:89,2
DA:90,2
DA:91,2
DA:92,2
DA:93,2
DA:94,2
DA:95,2
DA:96,2
DA:97,2
DA:98,2
DA:99,2
DA:100,2
LF:59
LH:59
end_of_record
SF:lib\src\data\models\tv\tv_detail\tv_detail_model.dart
DA:19,8
DA:85,16
DA:86,0
DA:88,14
DA:89,7
DA:90,7
DA:91,7
DA:92,7
DA:93,7
DA:94,7
DA:95,7
DA:96,7
DA:97,7
DA:98,7
DA:99,7
DA:100,7
DA:101,7
DA:102,7
DA:103,7
DA:104,7
DA:105,7
DA:106,7
DA:107,7
DA:108,7
DA:109,7
DA:110,7
DA:111,7
DA:112,21
DA:113,35
DA:114,14
DA:115,35
DA:116,35
DA:117,35
DA:118,35
DA:119,35
DA:121,1
DA:123,1
DA:124,1
DA:125,1
DA:126,1
DA:127,1
DA:128,1
DA:129,1
DA:130,1
DA:131,1
DA:132,1
DA:133,1
DA:134,1
DA:135,1
DA:136,1
DA:137,1
DA:138,1
DA:139,1
DA:140,1
DA:141,1
DA:142,1
DA:143,1
DA:144,1
DA:145,1
DA:146,1
DA:147,1
DA:148,1
DA:149,1
DA:150,1
DA:151,1
DA:152,1
DA:153,1
DA:154,1
DA:158,0
LF:69
LH:67
end_of_record
SF:lib\src\data\models\tv\tv_detail\tv_detail_model.g.dart
DA:9,8
DA:10,8
DA:11,8
DA:12,8
DA:13,16
DA:14,8
DA:15,8
DA:17,16
DA:18,8
DA:19,8
DA:20,8
DA:22,32
DA:23,8
DA:25,16
DA:26,8
DA:27,8
DA:28,8
DA:29,8
DA:30,8
DA:31,16
DA:32,8
DA:33,8
DA:34,8
DA:35,8
DA:36,16
DA:37,8
DA:38,8
DA:39,8
DA:40,8
DA:41,16
DA:42,8
DA:43,8
DA:44,8
DA:45,8
DA:46,8
DA:47,24
DA:48,8
DA:49,8
DA:50,8
DA:51,8
DA:52,24
DA:53,8
DA:54,8
DA:55,24
DA:56,8
DA:57,8
DA:58,8
DA:59,16
DA:60,8
DA:61,8
DA:62,24
DA:63,8
DA:64,8
DA:65,24
DA:66,8
DA:69,0
DA:70,0
DA:71,0
DA:72,0
DA:73,0
DA:74,0
DA:75,0
DA:76,0
DA:77,0
DA:78,0
DA:79,0
DA:80,0
DA:81,0
DA:82,0
DA:83,0
DA:84,0
DA:85,0
DA:86,0
DA:87,0
DA:88,0
DA:89,0
DA:90,0
DA:91,0
DA:92,0
DA:93,0
DA:94,0
DA:95,0
DA:96,0
DA:97,0
DA:98,0
DA:99,0
DA:100,0
DA:101,0
LF:88
LH:55
end_of_record
SF:lib\src\data\models\tv\tv_episode\tv_episode_model.dart
DA:10,4
DA:11,4
DA:14,4
DA:21,4
DA:50,8
DA:51,0
DA:52,3
DA:53,3
DA:54,3
DA:55,3
DA:56,15
DA:57,15
DA:58,3
DA:59,3
DA:60,3
DA:61,3
DA:62,3
DA:63,3
DA:64,3
DA:65,3
DA:69,1
DA:71,1
DA:72,1
DA:73,1
DA:74,1
DA:75,1
DA:76,1
DA:77,1
DA:78,1
DA:79,1
DA:80,1
DA:81,1
DA:82,1
DA:83,1
DA:87,0
LF:35
LH:33
end_of_record
SF:lib\src\data\models\tv\tv_episode\tv_episode_model.g.dart
DA:9,8
DA:10,8
DA:11,4
DA:12,4
DA:13,12
DA:14,4
DA:16,4
DA:17,12
DA:18,4
DA:20,4
DA:21,4
DA:22,4
DA:23,4
DA:24,4
DA:25,4
DA:26,8
DA:27,4
DA:30,0
DA:31,0
DA:32,0
DA:33,0
DA:34,0
DA:35,0
DA:36,0
DA:37,0
DA:38,0
DA:39,0
DA:40,0
DA:41,0
DA:42,0
DA:43,0
LF:31
LH:17
end_of_record
SF:lib\src\data\models\tv\tv_model.dart
DA:12,13
DA:42,26
DA:43,0
DA:44,12
DA:45,12
DA:46,12
DA:47,12
DA:48,12
DA:49,12
DA:50,12
DA:51,12
DA:52,12
DA:53,12
DA:54,12
DA:55,12
DA:56,12
DA:57,12
DA:58,12
DA:62,1
DA:64,1
DA:65,1
DA:66,1
DA:67,1
DA:68,1
DA:69,1
DA:70,1
DA:71,1
DA:72,1
DA:73,1
DA:74,1
DA:75,1
DA:76,1
DA:77,1
DA:81,0
LF:34
LH:32
end_of_record
SF:lib\src\data\models\tv\tv_model.g.dart
DA:9,26
DA:10,13
DA:11,13
DA:12,13
DA:13,26
DA:14,13
DA:16,13
DA:17,13
DA:18,13
DA:19,26
DA:20,13
DA:22,13
DA:23,13
DA:24,13
DA:25,26
DA:26,13
DA:27,26
DA:28,13
DA:31,0
DA:32,0
DA:33,0
DA:34,0
DA:35,0
DA:36,0
DA:37,0
DA:38,0
DA:39,0
DA:40,0
DA:41,0
DA:42,0
DA:43,0
DA:44,0
LF:32
LH:18
end_of_record
SF:lib\src\domain\entities\tv\tv.dart
DA:4,12
DA:34,8
DA:36,8
DA:37,8
DA:38,8
DA:39,8
DA:40,8
DA:41,8
DA:42,8
DA:43,8
DA:44,8
DA:45,8
DA:46,8
DA:47,8
DA:48,8
DA:49,8
DA:53,7
DA:56,0
DA:71,0
DA:72,0
DA:73,0
DA:74,0
DA:75,0
DA:76,0
DA:77,0
DA:78,0
DA:79,0
DA:80,0
DA:81,0
DA:82,0
DA:83,0
DA:84,0
LF:32
LH:17
end_of_record
SF:lib\src\domain\entities\tv\tv_episode.dart
DA:6,3
DA:34,2
DA:36,2
DA:37,2
DA:38,2
DA:39,2
DA:40,2
DA:41,2
DA:42,2
DA:43,2
DA:44,2
DA:45,2
DA:46,2
DA:47,2
DA:48,2
DA:52,1
LF:16
LH:16
end_of_record
SF:lib\src\common\state_enum.dart
DA:1,60
DA:2,60
DA:3,60
LF:3
LH:3
end_of_record
SF:lib\src\domain\entities\tv\tv_created_by.dart
DA:4,0
DA:18,0
DA:20,0
DA:21,0
DA:22,0
DA:23,0
DA:24,0
DA:25,0
DA:29,0
DA:32,0
DA:39,0
DA:40,0
DA:41,0
DA:42,0
DA:43,0
DA:44,0
LF:16
LH:0
end_of_record
SF:lib\src\domain\entities\tv\tv_last_episode_to_air.dart
DA:15,67
DA:28,1
DA:30,1
DA:31,1
DA:32,1
DA:33,1
DA:34,1
DA:35,1
DA:36,1
DA:37,1
DA:38,1
DA:39,1
DA:40,1
DA:44,0
DA:47,0
DA:59,0
DA:60,0
DA:61,0
DA:62,0
DA:63,0
DA:64,0
DA:65,0
DA:66,0
DA:67,0
DA:68,0
DA:69,0
LF:26
LH:13
end_of_record
SF:lib\src\domain\entities\tv\tv_network.dart
DA:4,7
DA:16,1
DA:17,5
DA:19,0
DA:22,0
DA:28,0
DA:29,0
DA:30,0
DA:31,0
DA:32,0
LF:10
LH:3
end_of_record
SF:lib\src\domain\entities\tv\tv_production_country.dart
DA:4,7
DA:12,1
DA:13,3
DA:15,0
DA:18,0
DA:22,0
DA:23,0
DA:24,0
LF:8
LH:3
end_of_record
SF:lib\src\domain\entities\tv\tv_season.dart
DA:4,7
DA:22,1
DA:24,1
DA:25,1
DA:26,1
DA:27,1
DA:28,1
DA:29,1
DA:30,1
DA:31,1
DA:35,0
DA:38,0
DA:47,0
DA:48,0
DA:49,0
DA:50,0
DA:51,0
DA:52,0
DA:53,0
DA:54,0
LF:20
LH:10
end_of_record
SF:lib\src\domain\entities\tv\tv_spoken_language.dart
DA:7,7
DA:13,1
DA:14,4
DA:16,0
DA:19,0
DA:24,0
DA:25,0
DA:26,0
DA:27,0
LF:9
LH:3
end_of_record
SF:lib\src\domain\usecases\get_movie_detail.dart
DA:9,1
DA:11,1
DA:12,2
LF:3
LH:3
end_of_record
SF:lib\src\domain\usecases\get_watchlist_status.dart
DA:6,1
DA:8,1
DA:9,2
LF:3
LH:3
end_of_record
SF:lib\src\domain\usecases\remove_watchlist.dart
DA:9,1
DA:11,1
DA:12,2
LF:3
LH:3
end_of_record
SF:lib\src\domain\usecases\save_watchlist.dart
DA:9,1
DA:11,1
DA:12,2
LF:3
LH:3
end_of_record
SF:lib\src\presentation\cubit\movie\movie_detail_cubit.dart
DA:14,1
DA:19,1
DA:30,1
DA:31,3
DA:32,3
DA:33,1
DA:34,1
DA:35,4
DA:36,3
DA:38,1
DA:39,3
DA:40,3
DA:45,1
DA:46,3
DA:47,1
DA:48,5
DA:49,4
DA:51,3
DA:54,1
DA:55,3
DA:56,1
DA:57,5
DA:58,4
DA:60,3
DA:63,1
DA:64,3
DA:65,3
LF:27
LH:27
end_of_record
SF:lib\src\presentation\cubit\movie\movie_detail_state.dart
DA:10,61
DA:18,2
DA:19,2
DA:20,1
DA:21,1
DA:22,2
DA:23,2
DA:25,1
DA:27,1
DA:28,1
DA:29,1
DA:30,1
DA:31,1
DA:32,1
DA:36,0
DA:39,1
DA:46,1
DA:47,1
DA:48,1
DA:49,1
DA:50,1
DA:51,1
LF:22
LH:21
end_of_record
SF:lib\src\common\constants.dart
DA:23,0
DA:24,0
DA:26,0
DA:28,0
DA:32,0
LF:5
LH:0
end_of_record
SF:lib\src\common\exception.dart
DA:6,4
LF:1
LH:1
end_of_record
SF:lib\src\data\models\movie_response.dart
DA:8,2
DA:10,4
DA:11,4
DA:12,6
DA:13,6
DA:16,2
DA:17,5
DA:20,1
DA:21,2
LF:9
LH:9
end_of_record
SF:lib\src\data\models\genre_model.dart
DA:6,10
DA:14,18
DA:15,9
DA:16,9
DA:19,0
DA:20,0
DA:21,0
DA:24,8
DA:25,24
DA:28,2
DA:29,6
LF:11
LH:8
end_of_record
SF:lib\src\data\models\tv\tv_createdby\tv_createdby_model.dart
DA:12,0
DA:26,0
DA:27,0
DA:29,0
DA:30,0
DA:31,0
DA:32,0
DA:33,0
DA:34,0
DA:35,0
DA:39,0
DA:41,0
DA:42,0
DA:43,0
DA:44,0
DA:45,0
DA:46,0
DA:50,0
LF:18
LH:0
end_of_record
SF:lib\src\data\models\tv\tv_createdby\tv_createdby_model.g.dart
DA:9,0
DA:10,0
DA:11,0
DA:12,0
DA:13,0
DA:14,0
DA:15,0
DA:18,0
DA:19,0
DA:20,0
DA:21,0
DA:22,0
DA:23,0
DA:24,0
LF:14
LH:0
end_of_record
SF:lib\src\data\models\tv\tv_crew\tv_crew_model.dart
DA:12,4
DA:44,8
DA:45,0
DA:46,3
DA:47,3
DA:48,3
DA:49,3
DA:50,3
DA:51,3
DA:52,3
DA:53,3
DA:54,3
DA:55,3
DA:56,3
DA:57,3
DA:58,3
DA:59,3
DA:60,3
DA:61,3
DA:65,1
DA:67,1
DA:68,1
DA:69,1
DA:70,1
DA:71,1
DA:72,1
DA:73,1
DA:74,1
DA:75,1
DA:76,1
DA:77,1
DA:78,1
DA:79,1
DA:80,1
DA:81,1
DA:85,0
LF:36
LH:34
end_of_record
SF:lib\src\data\models\tv\tv_crew\tv_crew_model.g.dart
DA:9,8
DA:10,4
DA:11,4
DA:12,4
DA:13,4
DA:14,4
DA:15,4
DA:16,4
DA:17,4
DA:18,4
DA:19,4
DA:20,8
DA:21,4
DA:22,4
DA:23,4
DA:26,0
DA:27,0
DA:28,0
DA:29,0
DA:30,0
DA:31,0
DA:32,0
DA:33,0
DA:34,0
DA:35,0
DA:36,0
DA:37,0
DA:38,0
DA:39,0
DA:40,0
LF:30
LH:15
end_of_record
SF:lib\src\domain\entities\tv\tv_crew.dart
DA:18,3
DA:35,2
DA:37,2
DA:38,2
DA:39,2
DA:40,2
DA:41,2
DA:42,2
DA:43,2
DA:44,2
DA:45,2
DA:46,2
DA:47,2
DA:48,2
DA:49,2
DA:50,2
DA:51,2
DA:55,1
LF:18
LH:18
end_of_record
SF:lib\src\data\models\tv\tv_last_episode\tv_last_episode_to_air_model.dart
DA:12,8
DA:36,8
DA:37,8
DA:38,0
DA:40,7
DA:41,7
DA:42,7
DA:43,7
DA:44,7
DA:45,7
DA:46,7
DA:47,7
DA:48,7
DA:49,7
DA:50,7
DA:51,7
DA:55,1
DA:57,1
DA:58,1
DA:59,1
DA:60,1
DA:61,1
DA:62,1
DA:63,1
DA:64,1
DA:65,1
DA:66,1
DA:67,1
DA:71,0
LF:29
LH:27
end_of_record
SF:lib\src\data\models\tv\tv_last_episode\tv_last_episode_to_air_model.g.dart
DA:9,8
DA:11,8
DA:12,8
DA:14,16
DA:15,8
DA:16,8
DA:17,8
DA:18,8
DA:19,8
DA:20,8
DA:21,8
DA:22,16
DA:23,8
DA:26,0
DA:28,0
DA:29,0
DA:30,0
DA:31,0
DA:32,0
DA:33,0
DA:34,0
DA:35,0
DA:36,0
DA:37,0
DA:38,0
LF:25
LH:13
end_of_record
SF:lib\src\data\models\tv\tv_network\tv_network_model.dart
DA:12,8
DA:24,16
DA:25,0
DA:26,14
DA:27,7
DA:28,7
DA:29,7
DA:30,7
DA:33,1
DA:34,5
DA:36,0
LF:11
LH:9
end_of_record
SF:lib\src\data\models\tv\tv_network\tv_network_model.g.dart
DA:9,16
DA:10,8
DA:11,8
DA:12,8
DA:13,8
DA:16,0
DA:17,0
DA:18,0
DA:19,0
DA:20,0
DA:21,0
LF:11
LH:5
end_of_record
SF:lib\src\data\models\tv\tv_production_country\tv_production_country_model.dart
DA:12,8
DA:20,8
DA:21,8
DA:22,0
DA:23,28
DA:25,1
DA:26,3
DA:28,0
LF:8
LH:6
end_of_record
SF:lib\src\data\models\tv\tv_production_country\tv_production_country_model.g.dart
DA:9,8
DA:11,8
DA:12,8
DA:13,8
DA:16,0
DA:18,0
DA:19,0
DA:20,0
LF:8
LH:4
end_of_record
SF:lib\src\data\models\tv\tv_season\tv_season_model.dart
DA:12,8
DA:30,16
DA:31,0
DA:32,14
DA:33,7
DA:34,7
DA:35,7
DA:36,7
DA:37,7
DA:38,7
DA:39,7
DA:42,1
DA:44,1
DA:45,1
DA:46,1
DA:47,1
DA:48,1
DA:49,1
DA:50,1
DA:51,1
DA:55,0
LF:21
LH:19
end_of_record
SF:lib\src\data\models\tv\tv_season\tv_season_model.g.dart
DA:9,16
DA:10,8
DA:12,16
DA:13,8
DA:14,8
DA:15,8
DA:16,8
DA:17,8
DA:18,8
DA:21,0
DA:22,0
DA:23,0
DA:24,0
DA:25,0
DA:26,0
DA:27,0
DA:28,0
DA:29,0
LF:18
LH:9
end_of_record
SF:lib\src\data\models\tv\tv_spoken_language\tv_spoken_language_model.dart
DA:12,8
DA:22,8
DA:23,8
DA:24,0
DA:25,7
DA:26,28
DA:27,1
DA:28,4
DA:30,0
LF:9
LH:7
end_of_record
SF:lib\src\data\models\tv\tv_spoken_language\tv_spoken_language_model.g.dart
DA:9,8
DA:10,8
DA:11,8
DA:12,8
DA:13,8
DA:16,0
DA:18,0
DA:19,0
DA:20,0
DA:21,0
LF:10
LH:5
end_of_record
SF:lib\src\data\repositories\movie_repository_impl.dart
DA:18,1
DA:24,1
DA:26,3
DA:27,5
DA:28,1
DA:29,2
DA:30,1
DA:31,2
DA:36,1
DA:38,3
DA:39,2
DA:40,1
DA:41,2
DA:42,1
DA:43,2
DA:48,1
DA:50,3
DA:51,3
DA:52,1
DA:53,2
DA:54,1
DA:55,2
DA:60,1
DA:62,3
DA:63,5
DA:64,1
DA:65,2
DA:66,1
DA:67,2
DA:72,1
DA:74,3
DA:75,5
DA:76,1
DA:77,2
DA:78,1
DA:79,2
DA:84,1
DA:86,3
DA:87,5
DA:88,1
DA:89,2
DA:90,1
DA:91,2
DA:96,1
DA:98,4
DA:99,1
DA:100,1
DA:101,3
DA:108,1
DA:110,4
DA:111,1
DA:112,1
DA:113,3
DA:118,1
DA:119,3
DA:124,1
DA:125,3
DA:126,5
LF:58
LH:58
end_of_record
SF:lib\src\data\repositories\tv_repository_impl.dart
DA:18,1
DA:24,1
DA:26,3
DA:27,5
DA:28,1
DA:29,2
DA:30,0
DA:31,0
DA:33,0
DA:38,1
DA:40,3
DA:42,2
DA:43,1
DA:44,2
DA:45,0
DA:46,0
DA:48,0
DA:53,1
DA:55,3
DA:56,5
DA:57,1
DA:58,2
DA:59,0
DA:60,0
DA:62,0
DA:67,1
DA:69,3
DA:70,5
DA:71,1
DA:72,2
DA:73,0
DA:74,0
DA:76,0
DA:81,1
DA:83,3
DA:84,5
DA:85,1
DA:86,2
DA:87,0
DA:88,0
DA:90,0
DA:95,1
DA:97,3
DA:98,5
DA:99,1
DA:100,2
DA:101,0
DA:102,0
DA:104,0
DA:109,1
DA:115,3
DA:116,5
DA:117,1
DA:118,2
DA:119,0
DA:120,0
DA:122,0
DA:128,1
DA:130,3
DA:131,5
DA:132,0
DA:133,0
DA:134,0
DA:135,0
DA:137,0
DA:142,1
DA:144,4
DA:145,1
DA:146,1
DA:147,0
DA:148,1
DA:149,0
DA:150,1
DA:151,3
DA:153,0
DA:158,1
DA:159,3
DA:164,1
DA:166,4
DA:167,1
DA:168,1
DA:169,3
DA:171,0
LF:83
LH:53
end_of_record
SF:lib\src\domain\usecases\get_movie_recommendations.dart
DA:9,1
DA:11,1
DA:12,2
LF:3
LH:3
end_of_record
SF:lib\src\domain\usecases\get_now_playing_movies.dart
DA:9,1
DA:11,1
DA:12,2
LF:3
LH:3
end_of_record
SF:lib\src\domain\usecases\get_popular_movies.dart
DA:9,1
DA:11,1
DA:12,2
LF:3
LH:3
end_of_record
SF:lib\src\domain\usecases\get_top_rated_movies.dart
DA:9,1
DA:11,1
DA:12,2
LF:3
LH:3
end_of_record
SF:lib\src\domain\usecases\get_watchlist_movies.dart
DA:9,1
DA:11,1
DA:12,2
LF:3
LH:3
end_of_record
SF:lib\src\domain\usecases\search_movies.dart
DA:9,1
DA:11,1
DA:12,2
LF:3
LH:3
end_of_record
SF:lib\src\domain\usecases\tv\get_airing_today_tv_series.dart
DA:8,1
DA:12,1
DA:13,2
LF:3
LH:3
end_of_record
SF:lib\src\domain\usecases\tv\get_detail_tv_series.dart
DA:8,1
DA:12,1
DA:13,2
LF:3
LH:3
end_of_record
SF:lib\src\domain\usecases\tv\get_watch_list_status_tv_series.dart
DA:5,1
DA:9,1
DA:10,2
LF:3
LH:3
end_of_record
SF:lib\src\domain\usecases\tv\remove_watchlist_tv_series.dart
DA:9,1
DA:13,1
DA:14,2
LF:3
LH:3
end_of_record
SF:lib\src\domain\usecases\tv\save_watchlist_tv_series.dart
DA:9,1
DA:13,1
DA:14,2
LF:3
LH:3
end_of_record
SF:lib\src\presentation\provider\tv\tv_series_detail_notifier.dart
DA:18,1
DA:30,2
DA:33,2
DA:36,2
DA:39,2
DA:41,1
DA:42,1
DA:43,1
DA:45,3
DA:46,1
DA:47,1
DA:48,1
DA:49,2
DA:50,1
DA:52,1
DA:53,1
DA:54,1
DA:55,1
DA:62,2
DA:64,1
DA:65,3
DA:67,1
DA:68,1
DA:69,3
DA:70,2
DA:72,1
DA:73,2
DA:74,1
DA:78,3
DA:81,1
DA:82,3
DA:84,1
DA:85,0
DA:86,0
DA:87,0
DA:89,1
DA:90,2
DA:91,1
DA:95,3
DA:98,1
DA:99,3
DA:100,1
DA:101,1
LF:43
LH:40
end_of_record
SF:lib\src\domain\usecases\tv\get_episode_season_tv_series.dart
DA:9,1
DA:12,1
DA:13,2
LF:3
LH:3
end_of_record
SF:lib\src\domain\usecases\tv\get_popular_tv_series.dart
DA:9,1
DA:12,1
DA:13,2
LF:3
LH:3
end_of_record
SF:lib\src\domain\usecases\tv\get_recommendation_tv_series.dart
DA:9,1
DA:12,1
DA:13,2
LF:3
LH:3
end_of_record
SF:lib\src\domain\usecases\tv\get_top_rated_tv_series.dart
DA:8,1
DA:11,1
DA:12,2
LF:3
LH:3
end_of_record
SF:lib\src\domain\usecases\tv\get_watchlist_tv_series.dart
DA:9,1
DA:13,1
DA:14,2
LF:3
LH:3
end_of_record
SF:lib\src\domain\usecases\tv\search_tv_series.dart
DA:9,1
DA:13,1
DA:14,2
LF:3
LH:3
end_of_record
SF:lib\src\presentation\cubit\movie\movie_now_playing_state.dart
DA:4,2
DA:5,1
DA:6,1
DA:10,1
DA:14,1
DA:18,1
DA:24,1
DA:25,2
DA:27,1
DA:30,0
DA:33,0
DA:34,0
DA:40,1
DA:46,1
DA:47,2
DA:49,1
DA:52,0
DA:55,0
DA:56,0
LF:19
LH:13
end_of_record
SF:lib\src\presentation\cubit\movie\movie_now_playing_cubit.dart
DA:10,1
DA:12,1
DA:15,1
DA:16,2
DA:18,3
DA:19,1
DA:20,4
DA:21,3
LF:8
LH:8
end_of_record
SF:lib\src\presentation\cubit\movie\movie_popular_state.dart
DA:4,6
DA:6,1
DA:7,1
DA:11,5
DA:15,6
DA:19,1
DA:25,1
DA:26,2
DA:28,1
DA:31,0
DA:34,0
DA:35,0
DA:41,1
DA:47,1
DA:48,2
DA:50,1
DA:53,0
DA:56,0
DA:57,0
LF:19
LH:13
end_of_record
SF:lib\src\presentation\cubit\movie\movie_popular_cubit.dart
DA:10,1
DA:12,1
DA:15,1
DA:16,1
DA:18,3
DA:20,1
DA:21,4
DA:22,3
LF:8
LH:8
end_of_record
SF:lib\src\presentation\cubit\movie\movie_recommendations_state.dart
DA:4,8
DA:6,1
DA:7,1
DA:11,7
DA:15,8
DA:19,1
DA:25,1
DA:26,2
DA:28,1
DA:31,0
DA:34,0
DA:35,0
DA:41,1
DA:47,1
DA:48,2
DA:50,1
DA:53,0
DA:56,0
DA:57,0
LF:19
LH:13
end_of_record
SF:lib\src\presentation\cubit\movie\movie_recommendations_cubit.dart
DA:10,1
DA:12,1
DA:15,1
DA:16,1
DA:17,3
DA:18,1
DA:19,4
DA:20,3
LF:8
LH:8
end_of_record
SF:lib\src\presentation\cubit\movie\movie_search_state.dart
DA:4,2
DA:6,1
DA:7,1
DA:11,1
DA:15,2
DA:19,1
DA:25,1
DA:26,2
DA:28,1
DA:31,0
DA:34,0
DA:35,0
DA:41,1
DA:47,1
DA:48,2
DA:50,1
DA:53,0
DA:56,0
DA:57,0
LF:19
LH:13
end_of_record
SF:lib\src\presentation\cubit\movie\movie_search_cubit.dart
DA:10,1
DA:12,1
DA:14,1
DA:15,1
DA:16,3
DA:17,1
DA:18,2
DA:19,2
DA:21,2
DA:22,1
LF:10
LH:10
end_of_record
SF:lib\src\presentation\cubit\movie\movie_top_rated_cubit.dart
DA:10,1
DA:12,1
DA:15,1
DA:16,1
DA:18,3
DA:19,1
DA:20,4
DA:21,3
LF:8
LH:8
end_of_record
SF:lib\src\presentation\cubit\movie\movie_top_rated_state.dart
DA:4,4
DA:6,1
DA:7,1
DA:11,3
DA:15,4
DA:19,1
DA:25,1
DA:26,2
DA:28,1
DA:31,0
DA:34,0
DA:35,0
DA:41,1
DA:47,1
DA:48,2
DA:50,1
DA:53,0
DA:56,0
DA:57,0
LF:19
LH:13
end_of_record
SF:lib\src\presentation\cubit\movie\movie_watchlist_state.dart
DA:4,2
DA:6,1
DA:7,1
DA:11,1
DA:15,2
DA:19,1
DA:25,1
DA:26,2
DA:28,1
DA:31,0
DA:34,0
DA:35,0
DA:41,1
DA:47,1
DA:48,2
DA:50,1
DA:53,0
DA:56,0
DA:57,0
LF:19
LH:13
end_of_record
SF:lib\src\presentation\cubit\movie\movie_watchlist_cubit.dart
DA:10,1
DA:12,1
DA:16,1
DA:17,1
DA:18,3
DA:19,1
DA:20,4
DA:21,3
LF:8
LH:8
end_of_record
SF:lib\src\presentation\cubit\tv\tv_series_airing_today_state.dart
DA:4,2
DA:5,1
DA:6,1
DA:10,1
DA:14,1
DA:18,1
DA:24,0
DA:26,1
DA:27,2
DA:29,1
DA:32,0
DA:35,0
DA:36,0
DA:42,1
DA:48,1
DA:49,2
DA:51,1
DA:54,0
DA:57,0
DA:58,0
LF:20
LH:13
end_of_record
SF:lib\src\presentation\cubit\tv\tv_series_airing_today_cubit.dart
DA:10,1
DA:12,1
DA:15,1
DA:16,2
DA:17,3
DA:18,1
DA:19,4
DA:20,3
LF:8
LH:8
end_of_record
SF:lib\src\presentation\cubit\tv\tv_series_detail_cubit.dart
DA:16,1
DA:21,1
DA:31,1
DA:32,3
DA:33,3
DA:34,1
DA:35,1
DA:36,3
DA:37,4
DA:39,1
DA:40,3
DA:41,3
DA:46,1
DA:47,3
DA:48,1
DA:49,5
DA:50,4
DA:53,3
DA:56,1
DA:57,3
DA:58,1
DA:59,5
DA:60,1
DA:61,2
DA:62,3
DA:69,1
DA:70,3
DA:71,3
LF:28
LH:28
end_of_record
SF:lib\src\presentation\cubit\tv\tv_series_detail_state.dart
DA:10,2
DA:18,2
DA:19,2
DA:20,1
DA:21,1
DA:22,2
DA:23,2
DA:25,1
DA:27,1
DA:28,1
DA:29,1
DA:30,1
DA:31,1
DA:32,1
DA:36,0
DA:39,1
DA:46,1
DA:47,1
DA:48,1
DA:49,1
DA:50,1
DA:51,1
LF:22
LH:21
end_of_record
SF:lib\src\presentation\cubit\tv\tv_series_episode_season_cubit.dart
DA:10,1
DA:12,1
DA:15,1
DA:19,2
DA:20,3
DA:24,1
DA:25,4
DA:26,3
LF:8
LH:8
end_of_record
SF:lib\src\presentation\cubit\tv\tv_series_episode_season_state.dart
DA:4,2
DA:5,1
DA:6,1
DA:10,1
DA:14,1
DA:18,1
DA:24,1
DA:25,2
DA:27,1
DA:30,0
DA:33,0
DA:34,0
DA:40,1
DA:46,1
DA:47,2
DA:49,1
DA:52,0
DA:55,0
DA:56,0
LF:19
LH:13
end_of_record
SF:lib\src\presentation\cubit\tv\tv_series_popular_state.dart
DA:4,2
DA:5,1
DA:6,1
DA:10,1
DA:14,1
DA:18,1
DA:24,1
DA:25,2
DA:27,1
DA:30,0
DA:33,0
DA:34,0
DA:40,1
DA:46,1
DA:47,2
DA:49,1
DA:52,0
DA:55,0
DA:56,0
LF:19
LH:13
end_of_record
SF:lib\src\presentation\cubit\tv\tv_series_popular_cubit.dart
DA:10,1
DA:12,1
DA:15,1
DA:16,2
DA:17,3
DA:18,1
DA:19,4
DA:20,3
LF:8
LH:8
end_of_record
SF:lib\src\presentation\cubit\tv\tv_series_recommendations_state.dart
DA:4,2
DA:5,1
DA:6,1
DA:10,1
DA:14,1
DA:18,1
DA:24,1
DA:25,2
DA:27,1
DA:30,0
DA:33,0
DA:34,0
DA:40,1
DA:46,1
DA:47,2
DA:49,1
DA:52,0
DA:55,0
DA:56,0
LF:19
LH:13
end_of_record
SF:lib\src\presentation\cubit\tv\tv_series_recommendations_cubit.dart
DA:10,1
DA:12,1
DA:16,1
DA:17,2
DA:19,3
DA:20,1
DA:21,4
DA:22,3
LF:8
LH:8
end_of_record
SF:lib\src\presentation\cubit\tv\tv_series_search_state.dart
DA:4,2
DA:5,1
DA:6,1
DA:10,1
DA:14,2
DA:18,1
DA:24,1
DA:25,2
DA:27,1
DA:30,0
DA:33,0
DA:34,0
DA:40,1
DA:46,1
DA:47,2
DA:49,1
DA:52,0
DA:55,0
DA:56,0
LF:19
LH:13
end_of_record
SF:lib\src\presentation\cubit\tv\tv_series_search_cubit.dart
DA:10,1
DA:12,1
DA:15,1
DA:16,1
DA:17,3
DA:18,1
DA:19,2
DA:20,2
DA:22,2
DA:23,1
LF:10
LH:10
end_of_record
SF:lib\src\presentation\cubit\tv\tv_series_top_rated_cubit.dart
DA:10,1
DA:12,1
DA:15,1
DA:16,2
DA:17,3
DA:18,1
DA:19,4
DA:20,3
LF:8
LH:8
end_of_record
SF:lib\src\presentation\cubit\tv\tv_series_top_rated_state.dart
DA:4,2
DA:6,1
DA:7,1
DA:11,1
DA:15,1
DA:19,1
DA:25,1
DA:26,2
DA:28,1
DA:31,0
DA:34,0
DA:35,0
DA:41,1
DA:47,1
DA:48,2
DA:50,1
DA:53,0
DA:56,0
DA:57,0
LF:19
LH:13
end_of_record
SF:lib\src\presentation\cubit\tv\tv_series_watchlist_state.dart
DA:4,2
DA:6,1
DA:7,1
DA:11,1
DA:15,2
DA:19,1
DA:25,1
DA:26,2
DA:28,1
DA:31,0
DA:34,0
DA:35,0
DA:41,1
DA:47,1
DA:48,2
DA:50,1
DA:53,0
DA:56,0
DA:57,0
LF:19
LH:13
end_of_record
SF:lib\src\presentation\cubit\tv\tv_series_watchlist_cubit.dart
DA:10,1
DA:12,1
DA:16,1
DA:17,1
DA:18,3
DA:19,1
DA:20,4
DA:21,3
LF:8
LH:8
end_of_record
SF:lib\src\presentation\pages\movie_detail_page.dart
DA:19,1
DA:21,1
DA:22,1
DA:26,1
DA:28,1
DA:29,2
DA:30,2
DA:34,1
DA:36,1
DA:37,1
DA:38,0
DA:39,0
DA:41,0
DA:42,0
DA:43,0
DA:44,0
DA:45,0
DA:47,0
DA:48,0
DA:50,0
DA:61,0
DA:63,0
DA:64,0
DA:68,0
DA:70,0
DA:71,0
DA:72,0
DA:75,0
DA:77,0
DA:78,0
DA:79,0
DA:80,0
DA:81,0
DA:83,0
DA:84,0
DA:86,0
DA:88,0
DA:90,0
DA:91,0
DA:92,0
DA:93,0
DA:95,0
DA:102,0
DA:103,0
DA:104,0
DA:106,0
DA:108,0
DA:110,0
DA:111,0
DA:112,0
DA:113,0
DA:115,0
DA:116,0
DA:117,0
DA:118,0
DA:119,0
DA:120,0
DA:121,0
DA:122,0
DA:124,0
DA:125,0
DA:126,0
DA:130,0
DA:132,0
DA:133,0
DA:134,0
DA:135,0
DA:136,0
DA:138,0
DA:140,0
DA:141,0
DA:142,0
DA:148,0
DA:150,0
DA:151,0
DA:152,0
DA:153,0
DA:154,0
DA:160,0
DA:161,0
DA:163,0
DA:164,0
DA:166,0
DA:167,0
DA:168,0
DA:169,0
DA:171,0
DA:177,0
DA:180,0
DA:181,0
DA:183,0
DA:185,0
DA:186,0
DA:188,0
DA:189,0
DA:191,0
DA:193,0
DA:194,0
DA:195,0
DA:196,0
DA:197,0
DA:198,0
DA:199,0
DA:200,0
DA:202,0
DA:204,0
DA:205,0
DA:206,0
DA:208,0
DA:209,0
DA:210,0
DA:213,0
DA:216,0
DA:217,0
DA:218,0
DA:220,0
DA:222,0
DA:223,0
DA:224,0
DA:226,0
DA:227,0
DA:233,0
DA:237,0
DA:245,0
DA:247,0
DA:262,0
DA:264,0
DA:267,0
DA:268,0
DA:269,0
DA:270,0
DA:279,0
DA:281,0
DA:282,0
DA:285,0
DA:289,0
DA:292,0
DA:293,0
DA:294,0
DA:296,0
DA:297,0
DA:299,0
LF:142
LH:10
end_of_record
SF:lib\src\presentation\provider\movie_detail_notifier.dart
DA:22,1
DA:35,2
DA:38,2
DA:41,2
DA:44,2
DA:47,2
DA:50,2
DA:52,1
DA:53,1
DA:54,1
DA:55,3
DA:56,3
DA:57,1
DA:58,1
DA:59,1
DA:60,2
DA:61,1
DA:63,1
DA:64,3
DA:65,1
DA:66,1
DA:67,1
DA:68,1
DA:69,1
DA:70,1
DA:71,2
DA:73,1
DA:74,1
DA:75,1
DA:78,1
DA:79,1
DA:85,2
DA:87,1
DA:88,3
DA:90,2
DA:91,1
DA:92,2
DA:94,1
DA:95,1
DA:99,3
DA:102,1
DA:103,3
DA:105,2
DA:106,0
DA:107,0
DA:109,1
DA:110,1
DA:114,3
DA:117,1
DA:118,3
DA:119,1
DA:120,1
LF:52
LH:50
end_of_record
SF:lib\src\presentation\pages\popular_movies_page.dart
DA:11,1
DA:12,1
DA:16,1
DA:18,1
DA:19,1
DA:20,3
DA:24,1
DA:26,1
DA:27,1
DA:28,1
DA:30,1
DA:32,1
DA:33,0
DA:34,0
DA:35,0
DA:36,0
DA:37,0
DA:38,0
DA:39,0
DA:40,0
DA:42,0
DA:44,0
DA:45,0
DA:46,0
DA:47,0
DA:50,0
LF:26
LH:12
end_of_record
SF:lib\src\presentation\provider\popular_movies_notifier.dart
DA:10,1
DA:13,2
DA:16,2
DA:19,2
DA:21,1
DA:22,1
DA:23,1
DA:25,3
DA:27,1
DA:28,1
DA:29,2
DA:30,1
DA:31,1
DA:33,1
DA:34,1
DA:35,1
DA:36,1
LF:17
LH:17
end_of_record
SF:lib\src\presentation\widgets\movie_card_list.dart
DA:11,0
DA:13,0
DA:15,0
DA:17,0
DA:18,0
DA:19,0
DA:22,0
DA:25,0
DA:27,0
DA:28,0
DA:29,0
DA:35,0
DA:37,0
DA:38,0
DA:39,0
DA:42,0
DA:44,0
DA:45,0
DA:46,0
DA:54,0
DA:59,0
DA:60,0
DA:61,0
DA:63,0
DA:64,0
DA:66,0
DA:68,0
LF:27
LH:0
end_of_record
SF:lib\src\presentation\provider\movie_list_notifier.dart
DA:11,2
DA:14,2
DA:17,2
DA:20,2
DA:23,2
DA:26,2
DA:29,2
DA:31,1
DA:41,1
DA:42,1
DA:43,1
DA:45,3
DA:46,1
DA:47,1
DA:48,1
DA:49,2
DA:50,1
DA:52,1
DA:53,1
DA:54,1
DA:55,1
DA:60,1
DA:61,1
DA:62,1
DA:64,3
DA:65,1
DA:66,1
DA:67,1
DA:68,2
DA:69,1
DA:71,1
DA:72,1
DA:73,1
DA:74,1
DA:79,1
DA:80,1
DA:81,1
DA:83,3
DA:84,1
DA:85,1
DA:86,1
DA:87,2
DA:88,1
DA:90,1
DA:91,1
DA:92,1
DA:93,1
LF:47
LH:47
end_of_record
SF:lib\src\presentation\pages\top_rated_movies_page.dart
DA:11,1
DA:12,1
DA:16,1
DA:18,1
DA:19,1
DA:20,3
DA:24,1
DA:26,1
DA:27,1
DA:28,1
DA:30,1
DA:32,1
DA:33,0
DA:34,0
DA:35,0
DA:36,0
DA:37,0
DA:38,0
DA:39,0
DA:40,0
DA:42,0
DA:44,0
DA:45,0
DA:46,0
DA:47,0
DA:50,0
LF:26
LH:12
end_of_record
SF:lib\src\presentation\provider\top_rated_movies_notifier.dart
DA:10,1
DA:13,2
DA:16,2
DA:19,2
DA:21,1
DA:22,1
DA:23,1
DA:25,3
DA:27,1
DA:28,1
DA:29,2
DA:30,1
DA:31,1
DA:33,1
DA:34,1
DA:35,1
DA:36,1
LF:17
LH:17
end_of_record
SF:lib\src\presentation\provider\movie_search_notifier.dart
DA:10,1
DA:13,2
DA:16,2
DA:19,2
DA:21,1
DA:22,1
DA:23,1
DA:25,3
DA:26,1
DA:27,1
DA:28,2
DA:29,1
DA:30,1
DA:32,1
DA:33,1
DA:34,1
DA:35,1
LF:17
LH:17
end_of_record
SF:lib\src\presentation\provider\tv\tv_series_episode_season_notifier.dart
DA:8,1
DA:15,2
DA:18,2
DA:21,2
DA:23,1
DA:27,1
DA:28,1
DA:30,3
DA:34,1
DA:35,1
DA:36,1
DA:37,2
DA:38,1
DA:40,1
DA:41,1
DA:42,2
DA:43,1
LF:17
LH:17
end_of_record
SF:lib\src\presentation\provider\tv\tv_series_popular_notifier.dart
DA:8,1
DA:15,2
DA:18,2
DA:21,2
DA:23,1
DA:24,1
DA:25,1
DA:27,3
DA:29,2
DA:30,2
DA:31,1
DA:32,1
DA:33,1
DA:34,2
DA:35,1
DA:36,1
LF:16
LH:16
end_of_record
SF:lib\src\presentation\provider\tv\tv_series_recommendations_notifier.dart
DA:9,1
DA:14,2
DA:17,2
DA:20,2
DA:22,1
DA:23,1
DA:24,1
DA:26,3
DA:27,2
DA:28,1
DA:29,2
DA:30,1
DA:31,1
DA:32,1
DA:33,2
DA:34,1
LF:16
LH:16
end_of_record
SF:lib\src\presentation\provider\tv\tv_series_search_notifier.dart
DA:9,1
DA:14,2
DA:17,2
DA:20,2
DA:22,1
DA:23,1
DA:24,1
DA:26,3
DA:27,2
DA:28,1
DA:29,2
DA:30,1
DA:31,1
DA:32,1
DA:33,2
DA:34,1
LF:16
LH:16
end_of_record
SF:lib\src\presentation\provider\tv\tv_series_top_rated_notifier.dart
DA:8,1
DA:15,2
DA:18,2
DA:21,2
DA:23,1
DA:24,1
DA:25,1
DA:27,3
DA:29,2
DA:30,2
DA:31,1
DA:32,1
DA:33,1
DA:34,2
DA:35,1
DA:36,1
LF:16
LH:16
end_of_record
SF:lib\src\presentation\provider\watchlist_movie_notifier.dart
DA:9,2
DA:12,2
DA:15,2
DA:17,1
DA:21,1
DA:22,1
DA:23,1
DA:25,3
DA:26,1
DA:27,1
DA:28,1
DA:29,2
DA:30,1
DA:32,1
DA:33,1
DA:34,1
DA:35,1
LF:17
LH:17
end_of_record
SF:lib\src\presentation\provider\tv\tv_series_watchlist_notifier.dart
DA:11,1
DA:16,2
DA:19,2
DA:22,2
DA:24,1
DA:25,1
DA:26,1
DA:28,3
DA:30,1
DA:31,1
DA:32,1
DA:33,2
DA:34,1
DA:36,1
DA:37,1
DA:38,2
DA:39,2
DA:40,1
LF:18
LH:18
end_of_record
